<?xml version="1.0" encoding="utf-8"?><testsuites name="pytest tests"><testsuite name="pytest" errors="0" failures="0" skipped="0" tests="18" time="1.863" timestamp="2026-09-22T23:46:52.176258+00:00" hostname="agent-env-cf7939e5-f2a8-441c-9714-a972d912aeea"><testcase classname="tests.test_iter26_asset_layer.TestRegression" name="test_categories" time="0.166" /><testcase classname="tests.test_iter26_asset_layer.TestStoryTrim" name="test_moon_tides_hero_thumb_field" time="0.176" /><testcase classname="tests.test_iter26_asset_layer.TestRegression" name="test_stories_list" time="0.095" /><testcase classname="tests.test_iter26_asset_layer.TestStoryTrim" name="test_fire_hot_trimmed_it" time="0.085" /><testcase classname="tests.test_iter26_asset_layer.TestStoryTrim" name="test_fire_hot_trimmed_en" time="0.067" /><testcase classname="tests.test_iter26_asset_layer.TestRegression" name="test_health" time="0.079" /><testcase classname="tests.test_iter26_asset_layer.TestRangeAndETag" name="test_range_request_206" time="0.193" /><testcase classname="tests.test_iter26_asset_layer.TestTTSStatus" name="test_moon_tides_it_ready" time="0.120" /><testcase classname="tests.test_iter26_asset_layer.TestTTSStatus" name="test_moon_tides_en_onyx_not_ready" time="0.867" /><testcase classname="tests.test_iter26_asset_layer.TestRangeAndETag" name="test_conditional_304" time="0.216" /><testcase classname="tests.test_iter26_asset_layer.TestWarmupCached" name="test_warmup_moon_tides_it" time="0.075" /><testcase classname="tests.test_iter26_asset_layer.TestWarmupCached" name="test_warmup_sky_blue_en" time="0.069" /><testcase classname="tests.test_iter26_asset_layer.TestMedia404" name="test_media_moon_tides_no_cover" time="0.074" /><testcase classname="tests.test_iter26_asset_layer.TestMedia404" name="test_media_nonexistent" time="0.080" /><testcase classname="tests.test_iter26_asset_layer.TestNoDuplicateAssets" name="test_no_new_asset_created" time="0.307" /><testcase classname="tests.test_iter26_asset_layer.TestCategoryMedia" name="test_category_media_spazio" time="0.149" /><testcase classname="tests.test_iter26_asset_layer.TestAssetsReport" name="test_assets_report_shape" time="0.121" /><testcase classname="tests.test_iter26_asset_layer.TestCategoryMedia" name="test_category_media_all" time="0.073" /></testsuite></testsuites>